<?xml version="1.0" encoding="UTF-8"?>
<!-- Generated by org.testng.reporters.JUnitXMLReporter -->
<testsuite ignored="2" hostname="abood" failures="0" tests="1" name="Default test" time="12.841" errors="0" timestamp="2024-11-03T18:44:02 EET">
  <testcase classname="myTestCases" name="StaticDropdown" time="0.198"/>
  <testcase classname="myTestCases" name="DynamicDropdown" time="0.0">
    <ignored/>
  </testcase> <!-- DynamicDropdown -->
  <testcase classname="myTestCases" name="RadioButton" time="0.0">
    <ignored/>
  </testcase> <!-- RadioButton -->
</testsuite> <!-- Default test -->
