<?xml version="1.0" encoding="UTF-8"?>
<testng-results ignored="1" total="2" passed="1" failed="0" skipped="0">
  <reporter-output>
  </reporter-output>
  <suite started-at="2024-11-01T16:14:48 EET" name="Default suite" finished-at="2024-11-01T16:15:03 EET" duration-ms="15376">
    <groups>
    </groups>
    <test started-at="2024-11-01T16:14:48 EET" name="Default test" finished-at="2024-11-01T16:15:03 EET" duration-ms="15376">
      <class name="myTestCases">
        <test-method is-config="true" signature="setUp()[pri:0, instance:myTestCases@77825085]" started-at="2024-11-01T16:14:48 EET" name="setUp" finished-at="2024-11-01T16:15:02 EET" duration-ms="14152" status="PASS">
          <reporter-output>
          </reporter-output>
        </test-method> <!-- setUp -->
        <test-method signature="DynamicDropdown()[pri:2, instance:myTestCases@77825085]" started-at="2024-11-01T16:15:02 EET" name="DynamicDropdown" finished-at="2024-11-01T16:15:03 EET" duration-ms="1186" status="PASS">
          <reporter-output>
          </reporter-output>
        </test-method> <!-- DynamicDropdown -->
      </class> <!-- myTestCases -->
    </test> <!-- Default test -->
  </suite> <!-- Default suite -->
</testng-results>
