<?xml version="1.0" encoding="UTF-8"?>
<testng-results ignored="2" total="3" passed="1" failed="0" skipped="0">
  <reporter-output>
  </reporter-output>
  <suite started-at="2024-11-03T18:43:50 EET" name="Default suite" finished-at="2024-11-03T18:44:02 EET" duration-ms="12841">
    <groups>
    </groups>
    <test started-at="2024-11-03T18:43:50 EET" name="Default test" finished-at="2024-11-03T18:44:02 EET" duration-ms="12841">
      <class name="myTestCases">
        <test-method is-config="true" signature="setUp()[pri:0, instance:myTestCases@77825085]" started-at="2024-11-03T18:43:50 EET" name="setUp" finished-at="2024-11-03T18:44:02 EET" duration-ms="12608" status="PASS">
          <reporter-output>
          </reporter-output>
        </test-method> <!-- setUp -->
        <test-method signature="StaticDropdown()[pri:3, instance:myTestCases@77825085]" started-at="2024-11-03T18:44:02 EET" name="StaticDropdown" finished-at="2024-11-03T18:44:02 EET" duration-ms="198" status="PASS">
          <reporter-output>
          </reporter-output>
        </test-method> <!-- StaticDropdown -->
      </class> <!-- myTestCases -->
    </test> <!-- Default test -->
  </suite> <!-- Default suite -->
</testng-results>
